<?xml version="1.0" encoding="UTF-8"?>
<testsuite xmlns:xsi="http://www.w3.org/2001/XMLSchema-instance" xsi:noNamespaceSchemaLocation="https://maven.apache.org/surefire/maven-surefire-plugin/xsd/surefire-test-report.xsd" name="org.metaswitch.metaswitch5GCore.ALMControllerTest" time="7.826" tests="1" errors="0" skipped="0" failures="1">
  <properties>
    <property name="sun.desktop" value="windows"/>
    <property name="awt.toolkit" value="sun.awt.windows.WToolkit"/>
    <property name="java.specification.version" value="11"/>
    <property name="sun.cpu.isalist" value="amd64"/>
    <property name="sun.jnu.encoding" value="Cp1252"/>
    <property name="java.class.path" value="C:\Softwares\JIRA\projects\metaswitch5GCore\target\test-classes;C:\Softwares\JIRA\projects\metaswitch5GCore\target\classes;C:\maven_local_repo\org\springframework\boot\spring-boot-starter-web\2.1.2.RELEASE\spring-boot-starter-web-2.1.2.RELEASE.jar;C:\maven_local_repo\org\springframework\boot\spring-boot-starter\2.1.2.RELEASE\spring-boot-starter-2.1.2.RELEASE.jar;C:\maven_local_repo\org\springframework\boot\spring-boot-starter-logging\2.1.2.RELEASE\spring-boot-starter-logging-2.1.2.RELEASE.jar;C:\maven_local_repo\ch\qos\logback\logback-classic\1.2.3\logback-classic-1.2.3.jar;C:\maven_local_repo\ch\qos\logback\logback-core\1.2.3\logback-core-1.2.3.jar;C:\maven_local_repo\org\apache\logging\log4j\log4j-to-slf4j\2.11.1\log4j-to-slf4j-2.11.1.jar;C:\maven_local_repo\org\apache\logging\log4j\log4j-api\2.11.1\log4j-api-2.11.1.jar;C:\maven_local_repo\org\slf4j\jul-to-slf4j\1.7.25\jul-to-slf4j-1.7.25.jar;C:\maven_local_repo\javax\annotation\javax.annotation-api\1.3.2\javax.annotation-api-1.3.2.jar;C:\maven_local_repo\org\yaml\snakeyaml\1.23\snakeyaml-1.23.jar;C:\maven_local_repo\org\springframework\boot\spring-boot-starter-json\2.1.2.RELEASE\spring-boot-starter-json-2.1.2.RELEASE.jar;C:\maven_local_repo\com\fasterxml\jackson\core\jackson-databind\2.9.8\jackson-databind-2.9.8.jar;C:\maven_local_repo\com\fasterxml\jackson\core\jackson-annotations\2.9.0\jackson-annotations-2.9.0.jar;C:\maven_local_repo\com\fasterxml\jackson\core\jackson-core\2.9.8\jackson-core-2.9.8.jar;C:\maven_local_repo\com\fasterxml\jackson\datatype\jackson-datatype-jdk8\2.9.8\jackson-datatype-jdk8-2.9.8.jar;C:\maven_local_repo\com\fasterxml\jackson\datatype\jackson-datatype-jsr310\2.9.8\jackson-datatype-jsr310-2.9.8.jar;C:\maven_local_repo\com\fasterxml\jackson\module\jackson-module-parameter-names\2.9.8\jackson-module-parameter-names-2.9.8.jar;C:\maven_local_repo\org\springframework\boot\spring-boot-starter-tomcat\2.1.2.RELEASE\spring-boot-starter-tomcat-2.1.2.RELEASE.jar;C:\maven_local_repo\org\apache\tomcat\embed\tomcat-embed-core\9.0.14\tomcat-embed-core-9.0.14.jar;C:\maven_local_repo\org\apache\tomcat\embed\tomcat-embed-el\9.0.14\tomcat-embed-el-9.0.14.jar;C:\maven_local_repo\org\apache\tomcat\embed\tomcat-embed-websocket\9.0.14\tomcat-embed-websocket-9.0.14.jar;C:\maven_local_repo\org\hibernate\validator\hibernate-validator\6.0.14.Final\hibernate-validator-6.0.14.Final.jar;C:\maven_local_repo\javax\validation\validation-api\2.0.1.Final\validation-api-2.0.1.Final.jar;C:\maven_local_repo\org\jboss\logging\jboss-logging\3.3.2.Final\jboss-logging-3.3.2.Final.jar;C:\maven_local_repo\com\fasterxml\classmate\1.4.0\classmate-1.4.0.jar;C:\maven_local_repo\org\springframework\spring-web\5.1.4.RELEASE\spring-web-5.1.4.RELEASE.jar;C:\maven_local_repo\org\springframework\spring-beans\5.1.4.RELEASE\spring-beans-5.1.4.RELEASE.jar;C:\maven_local_repo\org\springframework\spring-webmvc\5.1.4.RELEASE\spring-webmvc-5.1.4.RELEASE.jar;C:\maven_local_repo\org\springframework\spring-aop\5.1.4.RELEASE\spring-aop-5.1.4.RELEASE.jar;C:\maven_local_repo\org\springframework\spring-context\5.1.4.RELEASE\spring-context-5.1.4.RELEASE.jar;C:\maven_local_repo\org\springframework\spring-expression\5.1.4.RELEASE\spring-expression-5.1.4.RELEASE.jar;C:\maven_local_repo\org\springframework\boot\spring-boot-starter-test\2.1.2.RELEASE\spring-boot-starter-test-2.1.2.RELEASE.jar;C:\maven_local_repo\org\springframework\boot\spring-boot-test\2.1.2.RELEASE\spring-boot-test-2.1.2.RELEASE.jar;C:\maven_local_repo\org\springframework\boot\spring-boot-test-autoconfigure\2.1.2.RELEASE\spring-boot-test-autoconfigure-2.1.2.RELEASE.jar;C:\maven_local_repo\com\jayway\jsonpath\json-path\2.4.0\json-path-2.4.0.jar;C:\maven_local_repo\net\minidev\json-smart\2.3\json-smart-2.3.jar;C:\maven_local_repo\net\minidev\accessors-smart\1.2\accessors-smart-1.2.jar;C:\maven_local_repo\org\ow2\asm\asm\5.0.4\asm-5.0.4.jar;C:\maven_local_repo\org\slf4j\slf4j-api\1.7.25\slf4j-api-1.7.25.jar;C:\maven_local_repo\org\assertj\assertj-core\3.11.1\assertj-core-3.11.1.jar;C:\maven_local_repo\org\mockito\mockito-core\2.24.0\mockito-core-2.24.0.jar;C:\maven_local_repo\net\bytebuddy\byte-buddy\1.9.7\byte-buddy-1.9.7.jar;C:\maven_local_repo\net\bytebuddy\byte-buddy-agent\1.9.7\byte-buddy-agent-1.9.7.jar;C:\maven_local_repo\org\objenesis\objenesis\2.6\objenesis-2.6.jar;C:\maven_local_repo\org\hamcrest\hamcrest-core\1.3\hamcrest-core-1.3.jar;C:\maven_local_repo\org\hamcrest\hamcrest-library\1.3\hamcrest-library-1.3.jar;C:\maven_local_repo\org\skyscreamer\jsonassert\1.5.0\jsonassert-1.5.0.jar;C:\maven_local_repo\com\vaadin\external\google\android-json\0.0.20131108.vaadin1\android-json-0.0.20131108.vaadin1.jar;C:\maven_local_repo\org\springframework\spring-core\5.1.4.RELEASE\spring-core-5.1.4.RELEASE.jar;C:\maven_local_repo\org\springframework\spring-jcl\5.1.4.RELEASE\spring-jcl-5.1.4.RELEASE.jar;C:\maven_local_repo\org\springframework\spring-test\5.1.4.RELEASE\spring-test-5.1.4.RELEASE.jar;C:\maven_local_repo\org\xmlunit\xmlunit-core\2.6.2\xmlunit-core-2.6.2.jar;C:\maven_local_repo\javax\xml\bind\jaxb-api\2.3.1\jaxb-api-2.3.1.jar;C:\maven_local_repo\javax\activation\javax.activation-api\1.2.0\javax.activation-api-1.2.0.jar;C:\maven_local_repo\org\junit\jupiter\junit-jupiter-engine\5.3.2\junit-jupiter-engine-5.3.2.jar;C:\maven_local_repo\org\apiguardian\apiguardian-api\1.0.0\apiguardian-api-1.0.0.jar;C:\maven_local_repo\org\junit\platform\junit-platform-engine\1.3.2\junit-platform-engine-1.3.2.jar;C:\maven_local_repo\org\junit\platform\junit-platform-commons\1.3.2\junit-platform-commons-1.3.2.jar;C:\maven_local_repo\org\opentest4j\opentest4j\1.1.1\opentest4j-1.1.1.jar;C:\maven_local_repo\org\junit\jupiter\junit-jupiter-api\5.3.2\junit-jupiter-api-5.3.2.jar;C:\maven_local_repo\org\springframework\boot\spring-boot-devtools\2.1.2.RELEASE\spring-boot-devtools-2.1.2.RELEASE.jar;C:\maven_local_repo\org\springframework\boot\spring-boot\2.1.2.RELEASE\spring-boot-2.1.2.RELEASE.jar;C:\maven_local_repo\org\springframework\boot\spring-boot-autoconfigure\2.1.2.RELEASE\spring-boot-autoconfigure-2.1.2.RELEASE.jar;"/>
    <property name="java.vm.vendor" value="Oracle Corporation"/>
    <property name="sun.arch.data.model" value="64"/>
    <property name="user.variant" value=""/>
    <property name="java.vendor.url" value="http://java.oracle.com/"/>
    <property name="user.timezone" value="Asia/Calcutta"/>
    <property name="java.vm.specification.version" value="11"/>
    <property name="os.name" value="Windows 10"/>
    <property name="sun.java.launcher" value="SUN_STANDARD"/>
    <property name="user.country" value="IN"/>
    <property name="sun.boot.library.path" value="C:\Softwares\Java\jdk-11.0.4\bin"/>
    <property name="sun.java.command" value="C:\Users\MANUJA~1\AppData\Local\Temp\surefire5223145009166425842\surefirebooter17144973291244695999.jar C:\Users\ManuJadli\AppData\Local\Temp\surefire5223145009166425842 2019-12-25T21-53-38_698-jvmRun1 surefire7543514494474061026tmp surefire_07632208950747369235tmp"/>
    <property name="jdk.debug" value="release"/>
    <property name="surefire.test.class.path" value="C:\Softwares\JIRA\projects\metaswitch5GCore\target\test-classes;C:\Softwares\JIRA\projects\metaswitch5GCore\target\classes;C:\maven_local_repo\org\springframework\boot\spring-boot-starter-web\2.1.2.RELEASE\spring-boot-starter-web-2.1.2.RELEASE.jar;C:\maven_local_repo\org\springframework\boot\spring-boot-starter\2.1.2.RELEASE\spring-boot-starter-2.1.2.RELEASE.jar;C:\maven_local_repo\org\springframework\boot\spring-boot-starter-logging\2.1.2.RELEASE\spring-boot-starter-logging-2.1.2.RELEASE.jar;C:\maven_local_repo\ch\qos\logback\logback-classic\1.2.3\logback-classic-1.2.3.jar;C:\maven_local_repo\ch\qos\logback\logback-core\1.2.3\logback-core-1.2.3.jar;C:\maven_local_repo\org\apache\logging\log4j\log4j-to-slf4j\2.11.1\log4j-to-slf4j-2.11.1.jar;C:\maven_local_repo\org\apache\logging\log4j\log4j-api\2.11.1\log4j-api-2.11.1.jar;C:\maven_local_repo\org\slf4j\jul-to-slf4j\1.7.25\jul-to-slf4j-1.7.25.jar;C:\maven_local_repo\javax\annotation\javax.annotation-api\1.3.2\javax.annotation-api-1.3.2.jar;C:\maven_local_repo\org\yaml\snakeyaml\1.23\snakeyaml-1.23.jar;C:\maven_local_repo\org\springframework\boot\spring-boot-starter-json\2.1.2.RELEASE\spring-boot-starter-json-2.1.2.RELEASE.jar;C:\maven_local_repo\com\fasterxml\jackson\core\jackson-databind\2.9.8\jackson-databind-2.9.8.jar;C:\maven_local_repo\com\fasterxml\jackson\core\jackson-annotations\2.9.0\jackson-annotations-2.9.0.jar;C:\maven_local_repo\com\fasterxml\jackson\core\jackson-core\2.9.8\jackson-core-2.9.8.jar;C:\maven_local_repo\com\fasterxml\jackson\datatype\jackson-datatype-jdk8\2.9.8\jackson-datatype-jdk8-2.9.8.jar;C:\maven_local_repo\com\fasterxml\jackson\datatype\jackson-datatype-jsr310\2.9.8\jackson-datatype-jsr310-2.9.8.jar;C:\maven_local_repo\com\fasterxml\jackson\module\jackson-module-parameter-names\2.9.8\jackson-module-parameter-names-2.9.8.jar;C:\maven_local_repo\org\springframework\boot\spring-boot-starter-tomcat\2.1.2.RELEASE\spring-boot-starter-tomcat-2.1.2.RELEASE.jar;C:\maven_local_repo\org\apache\tomcat\embed\tomcat-embed-core\9.0.14\tomcat-embed-core-9.0.14.jar;C:\maven_local_repo\org\apache\tomcat\embed\tomcat-embed-el\9.0.14\tomcat-embed-el-9.0.14.jar;C:\maven_local_repo\org\apache\tomcat\embed\tomcat-embed-websocket\9.0.14\tomcat-embed-websocket-9.0.14.jar;C:\maven_local_repo\org\hibernate\validator\hibernate-validator\6.0.14.Final\hibernate-validator-6.0.14.Final.jar;C:\maven_local_repo\javax\validation\validation-api\2.0.1.Final\validation-api-2.0.1.Final.jar;C:\maven_local_repo\org\jboss\logging\jboss-logging\3.3.2.Final\jboss-logging-3.3.2.Final.jar;C:\maven_local_repo\com\fasterxml\classmate\1.4.0\classmate-1.4.0.jar;C:\maven_local_repo\org\springframework\spring-web\5.1.4.RELEASE\spring-web-5.1.4.RELEASE.jar;C:\maven_local_repo\org\springframework\spring-beans\5.1.4.RELEASE\spring-beans-5.1.4.RELEASE.jar;C:\maven_local_repo\org\springframework\spring-webmvc\5.1.4.RELEASE\spring-webmvc-5.1.4.RELEASE.jar;C:\maven_local_repo\org\springframework\spring-aop\5.1.4.RELEASE\spring-aop-5.1.4.RELEASE.jar;C:\maven_local_repo\org\springframework\spring-context\5.1.4.RELEASE\spring-context-5.1.4.RELEASE.jar;C:\maven_local_repo\org\springframework\spring-expression\5.1.4.RELEASE\spring-expression-5.1.4.RELEASE.jar;C:\maven_local_repo\org\springframework\boot\spring-boot-starter-test\2.1.2.RELEASE\spring-boot-starter-test-2.1.2.RELEASE.jar;C:\maven_local_repo\org\springframework\boot\spring-boot-test\2.1.2.RELEASE\spring-boot-test-2.1.2.RELEASE.jar;C:\maven_local_repo\org\springframework\boot\spring-boot-test-autoconfigure\2.1.2.RELEASE\spring-boot-test-autoconfigure-2.1.2.RELEASE.jar;C:\maven_local_repo\com\jayway\jsonpath\json-path\2.4.0\json-path-2.4.0.jar;C:\maven_local_repo\net\minidev\json-smart\2.3\json-smart-2.3.jar;C:\maven_local_repo\net\minidev\accessors-smart\1.2\accessors-smart-1.2.jar;C:\maven_local_repo\org\ow2\asm\asm\5.0.4\asm-5.0.4.jar;C:\maven_local_repo\org\slf4j\slf4j-api\1.7.25\slf4j-api-1.7.25.jar;C:\maven_local_repo\org\assertj\assertj-core\3.11.1\assertj-core-3.11.1.jar;C:\maven_local_repo\org\mockito\mockito-core\2.24.0\mockito-core-2.24.0.jar;C:\maven_local_repo\net\bytebuddy\byte-buddy\1.9.7\byte-buddy-1.9.7.jar;C:\maven_local_repo\net\bytebuddy\byte-buddy-agent\1.9.7\byte-buddy-agent-1.9.7.jar;C:\maven_local_repo\org\objenesis\objenesis\2.6\objenesis-2.6.jar;C:\maven_local_repo\org\hamcrest\hamcrest-core\1.3\hamcrest-core-1.3.jar;C:\maven_local_repo\org\hamcrest\hamcrest-library\1.3\hamcrest-library-1.3.jar;C:\maven_local_repo\org\skyscreamer\jsonassert\1.5.0\jsonassert-1.5.0.jar;C:\maven_local_repo\com\vaadin\external\google\android-json\0.0.20131108.vaadin1\android-json-0.0.20131108.vaadin1.jar;C:\maven_local_repo\org\springframework\spring-core\5.1.4.RELEASE\spring-core-5.1.4.RELEASE.jar;C:\maven_local_repo\org\springframework\spring-jcl\5.1.4.RELEASE\spring-jcl-5.1.4.RELEASE.jar;C:\maven_local_repo\org\springframework\spring-test\5.1.4.RELEASE\spring-test-5.1.4.RELEASE.jar;C:\maven_local_repo\org\xmlunit\xmlunit-core\2.6.2\xmlunit-core-2.6.2.jar;C:\maven_local_repo\javax\xml\bind\jaxb-api\2.3.1\jaxb-api-2.3.1.jar;C:\maven_local_repo\javax\activation\javax.activation-api\1.2.0\javax.activation-api-1.2.0.jar;C:\maven_local_repo\org\junit\jupiter\junit-jupiter-engine\5.3.2\junit-jupiter-engine-5.3.2.jar;C:\maven_local_repo\org\apiguardian\apiguardian-api\1.0.0\apiguardian-api-1.0.0.jar;C:\maven_local_repo\org\junit\platform\junit-platform-engine\1.3.2\junit-platform-engine-1.3.2.jar;C:\maven_local_repo\org\junit\platform\junit-platform-commons\1.3.2\junit-platform-commons-1.3.2.jar;C:\maven_local_repo\org\opentest4j\opentest4j\1.1.1\opentest4j-1.1.1.jar;C:\maven_local_repo\org\junit\jupiter\junit-jupiter-api\5.3.2\junit-jupiter-api-5.3.2.jar;C:\maven_local_repo\org\springframework\boot\spring-boot-devtools\2.1.2.RELEASE\spring-boot-devtools-2.1.2.RELEASE.jar;C:\maven_local_repo\org\springframework\boot\spring-boot\2.1.2.RELEASE\spring-boot-2.1.2.RELEASE.jar;C:\maven_local_repo\org\springframework\boot\spring-boot-autoconfigure\2.1.2.RELEASE\spring-boot-autoconfigure-2.1.2.RELEASE.jar;"/>
    <property name="sun.cpu.endian" value="little"/>
    <property name="user.home" value="C:\Users\ManuJadli"/>
    <property name="user.language" value="en"/>
    <property name="java.specification.vendor" value="Oracle Corporation"/>
    <property name="java.version.date" value="2019-07-16"/>
    <property name="java.home" value="C:\Softwares\Java\jdk-11.0.4"/>
    <property name="file.separator" value="\"/>
    <property name="basedir" value="C:\Softwares\JIRA\projects\metaswitch5GCore"/>
    <property name="java.vm.compressedOopsMode" value="32-bit"/>
    <property name="line.separator" value="&#10;"/>
    <property name="java.specification.name" value="Java Platform API Specification"/>
    <property name="java.vm.specification.vendor" value="Oracle Corporation"/>
    <property name="java.awt.graphicsenv" value="sun.awt.Win32GraphicsEnvironment"/>
    <property name="surefire.real.class.path" value="C:\Users\MANUJA~1\AppData\Local\Temp\surefire5223145009166425842\surefirebooter17144973291244695999.jar"/>
    <property name="user.script" value=""/>
    <property name="sun.management.compiler" value="HotSpot 64-Bit Tiered Compilers"/>
    <property name="java.runtime.version" value="11.0.4+10-LTS"/>
    <property name="user.name" value="ManuJadli"/>
    <property name="path.separator" value=";"/>
    <property name="os.version" value="10.0"/>
    <property name="java.runtime.name" value="Java(TM) SE Runtime Environment"/>
    <property name="file.encoding" value="Cp1252"/>
    <property name="java.vm.name" value="Java HotSpot(TM) 64-Bit Server VM"/>
    <property name="java.vendor.version" value="18.9"/>
    <property name="localRepository" value="C:\maven_local_repo"/>
    <property name="java.vendor.url.bug" value="http://bugreport.java.com/bugreport/"/>
    <property name="java.io.tmpdir" value="C:\Users\MANUJA~1\AppData\Local\Temp\"/>
    <property name="java.version" value="11.0.4"/>
    <property name="user.dir" value="C:\Softwares\JIRA\projects\metaswitch5GCore"/>
    <property name="os.arch" value="amd64"/>
    <property name="java.vm.specification.name" value="Java Virtual Machine Specification"/>
    <property name="java.awt.printerjob" value="sun.awt.windows.WPrinterJob"/>
    <property name="sun.os.patch.level" value=""/>
    <property name="java.library.path" value="C:\Softwares\Java\jdk-11.0.4\bin;C:\WINDOWS\Sun\Java\bin;C:\WINDOWS\system32;C:\WINDOWS;C:\Softwares\Java\jdk1.8.0_65\bin;C:\Program Files (x86)\Common Files\Oracle\Java\javapath;C:\app\ManuJadli\product\11.1.0\db_2\bin;C:\oracle\app\product\11.1.0\db_1\bin;C:\ProgramData\Oracle\Java\javapath;C:\WINDOWS\system32;C:\WINDOWS;C:\WINDOWS\System32\Wbem;C:\WINDOWS\System32\WindowsPowerShell\v1.0\;C:\WINDOWS\System32\OpenSSH\;C:\Softwares\Maven\apache-maven-3.6.0-bin\apache-maven-3.6.0\bin;C:\Program Files\PuTTY\;C:\Softwares\Gradle\Binary\gradle-5.3.1\bin;C:\Program Files\Microsoft\Web Platform Installer\;C:\Program Files (x86)\Microsoft ASP.NET\ASP.NET Web Pages\v1.0\;C:\Program Files\Microsoft SQL Server\110\Tools\Binn\;C:\Program Files\IBM\Cloud\bin;C:\Program Files (x86)\Bitvise SSH Client;C:\Program Files\nodejs\;C:\Softwares\SonarQuebe\sonar-runner-dist-2.4\sonar-runner-2.4\bin;C:\Program Files\Git\cmd;C:\Program Files\Intel\WiFi\bin\;C:\Program Files\Common Files\Intel\WirelessCommon\;C:\Users\ManuJadli\AppData\Local\Programs\Python\Python37-32;C:\Users\ManuJadli\AppData\Local\Programs\Python\Python37-32\Scripts;C:\Program Files (x86)\Webex\Webex\Applications;C:\Users\ManuJadli\AppData\Local\Microsoft\WindowsApps;C:\Users\ManuJadli\AppData\Roaming\npm;C:\Users\ManuJadli\AppData\Local\Programs\Microsoft VS Code\bin;C:\Users\ManuJadli\AppData\Local\atom\bin;C:\Users\ManuJadli\AppData\Local\Microsoft\WindowsApps;C:\Softwares\Kafka\kafka_2.12-2.3.1\bin\windows;;."/>
    <property name="java.vendor" value="Oracle Corporation"/>
    <property name="java.vm.info" value="mixed mode"/>
    <property name="java.vm.version" value="11.0.4+10-LTS"/>
    <property name="sun.io.unicode.encoding" value="UnicodeLittle"/>
    <property name="java.class.version" value="55.0"/>
  </properties>
  <testcase name="getHello" classname="org.metaswitch.metaswitch5GCore.ALMControllerTest" time="1.089">
    <failure message="expected: &lt;Hello Controller&gt; but was: &lt;Hello world!&gt;" type="org.opentest4j.AssertionFailedError"><![CDATA[org.opentest4j.AssertionFailedError: expected: <Hello Controller> but was: <Hello world!>
	at org.metaswitch.metaswitch5GCore.ALMControllerTest.getHello(ALMControllerTest.java:26)
]]></failure>
    <system-out><![CDATA[21:53:54.030 [main] DEBUG org.springframework.test.context.BootstrapUtils - Instantiating CacheAwareContextLoaderDelegate from class [org.springframework.test.context.cache.DefaultCacheAwareContextLoaderDelegate]
21:53:54.067 [main] DEBUG org.springframework.test.context.BootstrapUtils - Instantiating BootstrapContext using constructor [public org.springframework.test.context.support.DefaultBootstrapContext(java.lang.Class,org.springframework.test.context.CacheAwareContextLoaderDelegate)]
21:53:54.115 [main] DEBUG org.springframework.test.context.BootstrapUtils - Instantiating TestContextBootstrapper for test class [org.metaswitch.metaswitch5GCore.ALMControllerTest] from class [org.springframework.boot.test.context.SpringBootTestContextBootstrapper]
21:53:54.137 [main] INFO org.springframework.boot.test.context.SpringBootTestContextBootstrapper - Neither @ContextConfiguration nor @ContextHierarchy found for test class [org.metaswitch.metaswitch5GCore.ALMControllerTest], using SpringBootContextLoader
21:53:54.147 [main] DEBUG org.springframework.test.context.support.AbstractContextLoader - Did not detect default resource location for test class [org.metaswitch.metaswitch5GCore.ALMControllerTest]: class path resource [org/metaswitch/metaswitch5GCore/ALMControllerTest-context.xml] does not exist
21:53:54.147 [main] DEBUG org.springframework.test.context.support.AbstractContextLoader - Did not detect default resource location for test class [org.metaswitch.metaswitch5GCore.ALMControllerTest]: class path resource [org/metaswitch/metaswitch5GCore/ALMControllerTestContext.groovy] does not exist
21:53:54.148 [main] INFO org.springframework.test.context.support.AbstractContextLoader - Could not detect default resource locations for test class [org.metaswitch.metaswitch5GCore.ALMControllerTest]: no resource found for suffixes {-context.xml, Context.groovy}.
21:53:54.149 [main] INFO org.springframework.test.context.support.AnnotationConfigContextLoaderUtils - Could not detect default configuration classes for test class [org.metaswitch.metaswitch5GCore.ALMControllerTest]: ALMControllerTest does not declare any static, non-private, non-final, nested classes annotated with @Configuration.
21:53:54.201 [main] DEBUG org.springframework.test.context.support.ActiveProfilesUtils - Could not find an 'annotation declaring class' for annotation type [org.springframework.test.context.ActiveProfiles] and class [org.metaswitch.metaswitch5GCore.ALMControllerTest]
21:53:54.310 [main] DEBUG org.springframework.context.annotation.ClassPathScanningCandidateComponentProvider - Identified candidate component class: file [C:\Softwares\JIRA\projects\metaswitch5GCore\target\classes\org\metaswitch\metaswitch5GCore\Metaswitch5GCoreApplication.class]
21:53:54.312 [main] INFO org.springframework.boot.test.context.SpringBootTestContextBootstrapper - Found @SpringBootConfiguration org.metaswitch.metaswitch5GCore.Metaswitch5GCoreApplication for test class org.metaswitch.metaswitch5GCore.ALMControllerTest
21:53:54.497 [main] DEBUG org.springframework.boot.test.context.SpringBootTestContextBootstrapper - @TestExecutionListeners is not present for class [org.metaswitch.metaswitch5GCore.ALMControllerTest]: using defaults.
21:53:54.498 [main] INFO org.springframework.boot.test.context.SpringBootTestContextBootstrapper - Loaded default TestExecutionListener class names from location [META-INF/spring.factories]: [org.springframework.boot.test.mock.mockito.MockitoTestExecutionListener, org.springframework.boot.test.mock.mockito.ResetMocksTestExecutionListener, org.springframework.boot.test.autoconfigure.restdocs.RestDocsTestExecutionListener, org.springframework.boot.test.autoconfigure.web.client.MockRestServiceServerResetTestExecutionListener, org.springframework.boot.test.autoconfigure.web.servlet.MockMvcPrintOnlyOnFailureTestExecutionListener, org.springframework.boot.test.autoconfigure.web.servlet.WebDriverTestExecutionListener, org.springframework.test.context.web.ServletTestExecutionListener, org.springframework.test.context.support.DirtiesContextBeforeModesTestExecutionListener, org.springframework.test.context.support.DependencyInjectionTestExecutionListener, org.springframework.test.context.support.DirtiesContextTestExecutionListener, org.springframework.test.context.transaction.TransactionalTestExecutionListener, org.springframework.test.context.jdbc.SqlScriptsTestExecutionListener]
21:53:54.515 [main] DEBUG org.springframework.boot.test.context.SpringBootTestContextBootstrapper - Skipping candidate TestExecutionListener [org.springframework.test.context.transaction.TransactionalTestExecutionListener] due to a missing dependency. Specify custom listener classes or make the default listener classes and their required dependencies available. Offending class: [org/springframework/transaction/interceptor/TransactionAttributeSource]
21:53:54.516 [main] DEBUG org.springframework.boot.test.context.SpringBootTestContextBootstrapper - Skipping candidate TestExecutionListener [org.springframework.test.context.jdbc.SqlScriptsTestExecutionListener] due to a missing dependency. Specify custom listener classes or make the default listener classes and their required dependencies available. Offending class: [org/springframework/transaction/interceptor/TransactionAttribute]
21:53:54.516 [main] INFO org.springframework.boot.test.context.SpringBootTestContextBootstrapper - Using TestExecutionListeners: [org.springframework.test.context.web.ServletTestExecutionListener@74f5ce22, org.springframework.test.context.support.DirtiesContextBeforeModesTestExecutionListener@25aca718, org.springframework.boot.test.mock.mockito.MockitoTestExecutionListener@16fdec90, org.springframework.boot.test.autoconfigure.SpringBootDependencyInjectionTestExecutionListener@1afdd473, org.springframework.test.context.support.DirtiesContextTestExecutionListener@40238dd0, org.springframework.boot.test.mock.mockito.ResetMocksTestExecutionListener@7776ab, org.springframework.boot.test.autoconfigure.restdocs.RestDocsTestExecutionListener@79179359, org.springframework.boot.test.autoconfigure.web.client.MockRestServiceServerResetTestExecutionListener@dbd8e44, org.springframework.boot.test.autoconfigure.web.servlet.MockMvcPrintOnlyOnFailureTestExecutionListener@51acdf2e, org.springframework.boot.test.autoconfigure.web.servlet.WebDriverTestExecutionListener@6a55299e]
21:53:54.522 [main] DEBUG org.springframework.test.context.support.AbstractDirtiesContextTestExecutionListener - Before test class: context [DefaultTestContext@6e950bcf testClass = ALMControllerTest, testInstance = [null], testMethod = [null], testException = [null], mergedContextConfiguration = [WebMergedContextConfiguration@16414e40 testClass = ALMControllerTest, locations = '{}', classes = '{class org.metaswitch.metaswitch5GCore.Metaswitch5GCoreApplication}', contextInitializerClasses = '[]', activeProfiles = '{}', propertySourceLocations = '{}', propertySourceProperties = '{org.springframework.boot.test.context.SpringBootTestContextBootstrapper=true, server.port=0}', contextCustomizers = set[org.springframework.boot.test.context.filter.ExcludeFilterContextCustomizer@24569dba, org.springframework.boot.test.json.DuplicateJsonObjectContextCustomizerFactory$DuplicateJsonObjectContextCustomizer@496bc455, org.springframework.boot.test.mock.mockito.MockitoContextCustomizer@0, org.springframework.boot.test.web.client.TestRestTemplateContextCustomizer@548a24a, org.springframework.boot.test.autoconfigure.properties.PropertyMappingContextCustomizer@0, org.springframework.boot.test.autoconfigure.web.servlet.WebDriverContextCustomizerFactory$Customizer@710636b0], resourceBasePath = 'src/main/webapp', contextLoader = 'org.springframework.boot.test.context.SpringBootContextLoader', parent = [null]], attributes = map['org.springframework.test.context.web.ServletTestExecutionListener.activateListener' -> false]], class annotated with @DirtiesContext [false] with mode [null].
21:53:54.531 [main] DEBUG org.springframework.test.context.support.DependencyInjectionTestExecutionListener - Performing dependency injection for test context [[DefaultTestContext@6e950bcf testClass = ALMControllerTest, testInstance = org.metaswitch.metaswitch5GCore.ALMControllerTest@7862f56, testMethod = [null], testException = [null], mergedContextConfiguration = [WebMergedContextConfiguration@16414e40 testClass = ALMControllerTest, locations = '{}', classes = '{class org.metaswitch.metaswitch5GCore.Metaswitch5GCoreApplication}', contextInitializerClasses = '[]', activeProfiles = '{}', propertySourceLocations = '{}', propertySourceProperties = '{org.springframework.boot.test.context.SpringBootTestContextBootstrapper=true, server.port=0}', contextCustomizers = set[org.springframework.boot.test.context.filter.ExcludeFilterContextCustomizer@24569dba, org.springframework.boot.test.json.DuplicateJsonObjectContextCustomizerFactory$DuplicateJsonObjectContextCustomizer@496bc455, org.springframework.boot.test.mock.mockito.MockitoContextCustomizer@0, org.springframework.boot.test.web.client.TestRestTemplateContextCustomizer@548a24a, org.springframework.boot.test.autoconfigure.properties.PropertyMappingContextCustomizer@0, org.springframework.boot.test.autoconfigure.web.servlet.WebDriverContextCustomizerFactory$Customizer@710636b0], resourceBasePath = 'src/main/webapp', contextLoader = 'org.springframework.boot.test.context.SpringBootContextLoader', parent = [null]], attributes = map['org.springframework.test.context.web.ServletTestExecutionListener.activateListener' -> false]]].
21:53:54.577 [main] DEBUG org.springframework.test.context.support.TestPropertySourceUtils - Adding inlined properties to environment: {spring.jmx.enabled=false, org.springframework.boot.test.context.SpringBootTestContextBootstrapper=true, server.port=0}

  .   ____          _            __ _ _
 /\\ / ___'_ __ _ _(_)_ __  __ _ \ \ \ \
( ( )\___ | '_ | '_| | '_ \/ _` | \ \ \ \
 \\/  ___)| |_)| | | | | || (_| |  ) ) ) )
  '  |____| .__|_| |_|_| |_\__, | / / / /
 =========|_|==============|___/=/_/_/_/
 :: Spring Boot ::        (v2.1.2.RELEASE)

2019-12-25 21:53:55.205  INFO 15372 --- [           main] o.m.metaswitch5GCore.ALMControllerTest   : Starting ALMControllerTest on DESKTOP-NKBUCIB with PID 15372 (started by ManuJadli in C:\Softwares\JIRA\projects\metaswitch5GCore)
2019-12-25 21:53:55.208  INFO 15372 --- [           main] o.m.metaswitch5GCore.ALMControllerTest   : No active profile set, falling back to default profiles: default
2019-12-25 21:53:58.868  INFO 15372 --- [           main] o.s.b.w.embedded.tomcat.TomcatWebServer  : Tomcat initialized with port(s): 0 (http)
2019-12-25 21:53:58.945  INFO 15372 --- [           main] o.apache.catalina.core.StandardService   : Starting service [Tomcat]
2019-12-25 21:53:58.946  INFO 15372 --- [           main] org.apache.catalina.core.StandardEngine  : Starting Servlet engine: [Apache Tomcat/9.0.14]
2019-12-25 21:53:58.965  INFO 15372 --- [           main] o.a.catalina.core.AprLifecycleListener   : The APR based Apache Tomcat Native library which allows optimal performance in production environments was not found on the java.library.path: [C:\Softwares\Java\jdk-11.0.4\bin;C:\WINDOWS\Sun\Java\bin;C:\WINDOWS\system32;C:\WINDOWS;C:\Softwares\Java\jdk1.8.0_65\bin;C:\Program Files (x86)\Common Files\Oracle\Java\javapath;C:\app\ManuJadli\product\11.1.0\db_2\bin;C:\oracle\app\product\11.1.0\db_1\bin;C:\ProgramData\Oracle\Java\javapath;C:\WINDOWS\system32;C:\WINDOWS;C:\WINDOWS\System32\Wbem;C:\WINDOWS\System32\WindowsPowerShell\v1.0\;C:\WINDOWS\System32\OpenSSH\;C:\Softwares\Maven\apache-maven-3.6.0-bin\apache-maven-3.6.0\bin;C:\Program Files\PuTTY\;C:\Softwares\Gradle\Binary\gradle-5.3.1\bin;C:\Program Files\Microsoft\Web Platform Installer\;C:\Program Files (x86)\Microsoft ASP.NET\ASP.NET Web Pages\v1.0\;C:\Program Files\Microsoft SQL Server\110\Tools\Binn\;C:\Program Files\IBM\Cloud\bin;C:\Program Files (x86)\Bitvise SSH Client;C:\Program Files\nodejs\;C:\Softwares\SonarQuebe\sonar-runner-dist-2.4\sonar-runner-2.4\bin;C:\Program Files\Git\cmd;C:\Program Files\Intel\WiFi\bin\;C:\Program Files\Common Files\Intel\WirelessCommon\;C:\Users\ManuJadli\AppData\Local\Programs\Python\Python37-32;C:\Users\ManuJadli\AppData\Local\Programs\Python\Python37-32\Scripts;C:\Program Files (x86)\Webex\Webex\Applications;C:\Users\ManuJadli\AppData\Local\Microsoft\WindowsApps;C:\Users\ManuJadli\AppData\Roaming\npm;C:\Users\ManuJadli\AppData\Local\Programs\Microsoft VS Code\bin;C:\Users\ManuJadli\AppData\Local\atom\bin;C:\Users\ManuJadli\AppData\Local\Microsoft\WindowsApps;C:\Softwares\Kafka\kafka_2.12-2.3.1\bin\windows;;.]
2019-12-25 21:53:59.224  INFO 15372 --- [           main] o.a.c.c.C.[Tomcat].[localhost].[/]       : Initializing Spring embedded WebApplicationContext
2019-12-25 21:53:59.225  INFO 15372 --- [           main] o.s.web.context.ContextLoader            : Root WebApplicationContext: initialization completed in 3956 ms
2019-12-25 21:54:00.148  INFO 15372 --- [           main] o.s.s.concurrent.ThreadPoolTaskExecutor  : Initializing ExecutorService 'applicationTaskExecutor'
2019-12-25 21:54:00.607  INFO 15372 --- [           main] o.s.b.w.embedded.tomcat.TomcatWebServer  : Tomcat started on port(s): 63857 (http) with context path ''
2019-12-25 21:54:00.613  INFO 15372 --- [           main] o.m.metaswitch5GCore.ALMControllerTest   : Started ALMControllerTest in 6.033 seconds (JVM running for 10.419)
2019-12-25 21:54:01.556  INFO 15372 --- [o-auto-1-exec-1] o.a.c.c.C.[Tomcat].[localhost].[/]       : Initializing Spring DispatcherServlet 'dispatcherServlet'
2019-12-25 21:54:01.557  INFO 15372 --- [o-auto-1-exec-1] o.s.web.servlet.DispatcherServlet        : Initializing Servlet 'dispatcherServlet'
2019-12-25 21:54:01.594  INFO 15372 --- [o-auto-1-exec-1] o.s.web.servlet.DispatcherServlet        : Completed initialization in 37 ms
]]></system-out>
  </testcase>
</testsuite>